# JRE version: OpenJDK Runtime Environment Temurin-17.0.3+7 (17.0.3+7) (build 17.0.3+7)
# Java VM: OpenJDK 64-Bit Server VM Temurin-17.0.3+7 (17.0.3+7, mixed mode, emulated-client, tiered, compressed oops, compressed class ptrs, g1 gc, windows-amd64)
GC Precious Log:
 CPUs: 4 total, 4 available
 Memory: 8150M
 Large Page Support: Disabled
 NUMA Support: Disabled
 Compressed Oops: Enabled (32-bit)
 Heap Region Size: 1M
 Heap Min Capacity: 8M
 Heap Initial Capacity: 128M
 Heap Max Capacity: 2038M
 Pre-touch: Disabled
 Parallel Workers: 4
 Concurrent Workers: 1
 Concurrent Refinement Workers: 4
 Periodic GC: Disabled
Heap:
 garbage-first heap   total 55296K, used 15444K [0x0000000080a00000, 0x0000000100000000)
  region size 1024K, 1 young (1024K), 0 survivors (0K)
 Metaspace       used 41229K, committed 41600K, reserved 1089536K
  class space    used 5673K, committed 5824K, reserved 1048576K
GC Heap History (20 events):
Event: 7152.974 GC heap before
{Heap before GC invocations=636 (full 605):
 garbage-first heap   total 55296K, used 15444K [0x0000000080a00000, 0x0000000100000000)
  region size 1024K, 1 young (1024K), 0 survivors (0K)
 Metaspace       used 41229K, committed 41600K, reserved 1089536K
  class space    used 5673K, committed 5824K, reserved 1048576K
}
Event: 7153.000 GC heap after
{Heap after GC invocations=637 (full 606):
 garbage-first heap   total 55296K, used 15444K [0x0000000080a00000, 0x0000000100000000)
  region size 1024K, 0 young (0K), 0 survivors (0K)
 Metaspace       used 41229K, committed 41600K, reserved 1089536K
  class space    used 5673K, committed 5824K, reserved 1048576K
}
Event: 7163.170 GC heap before
{Heap before GC invocations=637 (full 606):
 garbage-first heap   total 55296K, used 15444K [0x0000000080a00000, 0x0000000100000000)
  region size 1024K, 1 young (1024K), 0 survivors (0K)
 Metaspace       used 41229K, committed 41600K, reserved 1089536K
  class space    used 5673K, committed 5824K, reserved 1048576K
}
Event: 7163.202 GC heap after
{Heap after GC invocations=638 (full 607):
 garbage-first heap   total 55296K, used 15444K [0x0000000080a00000, 0x0000000100000000)
  region size 1024K, 0 young (0K), 0 survivors (0K)
 Metaspace       used 41229K, committed 41600K, reserved 1089536K
  class space    used 5673K, committed 5824K, reserved 1048576K
}
Event: 7173.383 GC heap before
{Heap before GC invocations=638 (full 607):
 garbage-first heap   total 55296K, used 15444K [0x0000000080a00000, 0x0000000100000000)
  region size 1024K, 1 young (1024K), 0 survivors (0K)
 Metaspace       used 41229K, committed 41600K, reserved 1089536K
  class space    used 5673K, committed 5824K, reserved 1048576K
}
Event: 7173.416 GC heap after
{Heap after GC invocations=639 (full 608):
 garbage-first heap   total 55296K, used 15444K [0x0000000080a00000, 0x0000000100000000)
  region size 1024K, 0 young (0K), 0 survivors (0K)
 Metaspace       used 41229K, committed 41600K, reserved 1089536K
  class space    used 5673K, committed 5824K, reserved 1048576K
}
Event: 7183.567 GC heap before
{Heap before GC invocations=639 (full 608):
 garbage-first heap   total 55296K, used 15444K [0x0000000080a00000, 0x0000000100000000)
  region size 1024K, 1 young (1024K), 0 survivors (0K)
 Metaspace       used 41229K, committed 41600K, reserved 1089536K
  class space    used 5673K, committed 5824K, reserved 1048576K
}
Event: 7183.600 GC heap after
{Heap after GC invocations=640 (full 609):
 garbage-first heap   total 55296K, used 15444K [0x0000000080a00000, 0x0000000100000000)
  region size 1024K, 0 young (0K), 0 survivors (0K)
 Metaspace       used 41229K, committed 41600K, reserved 1089536K
  class space    used 5673K, committed 5824K, reserved 1048576K
}
Event: 7193.798 GC heap before
{Heap before GC invocations=640 (full 609):
 garbage-first heap   total 55296K, used 15444K [0x0000000080a00000, 0x0000000100000000)
  region size 1024K, 1 young (1024K), 0 survivors (0K)
 Metaspace       used 41229K, committed 41600K, reserved 1089536K
  class space    used 5673K, committed 5824K, reserved 1048576K
}
Event: 7193.835 GC heap after
{Heap after GC invocations=641 (full 610):
 garbage-first heap   total 55296K, used 15444K [0x0000000080a00000, 0x0000000100000000)
  region size 1024K, 0 young (0K), 0 survivors (0K)
 Metaspace       used 41229K, committed 41600K, reserved 1089536K
  class space    used 5673K, committed 5824K, reserved 1048576K
}
Event: 7204.022 GC heap before
{Heap before GC invocations=641 (full 610):
 garbage-first heap   total 55296K, used 15444K [0x0000000080a00000, 0x0000000100000000)
  region size 1024K, 1 young (1024K), 0 survivors (0K)
 Metaspace       used 41229K, committed 41600K, reserved 1089536K
  class space    used 5673K, committed 5824K, reserved 1048576K
}
Event: 7204.048 GC heap after
{Heap after GC invocations=642 (full 611):
 garbage-first heap   total 55296K, used 15444K [0x0000000080a00000, 0x0000000100000000)
  region size 1024K, 0 young (0K), 0 survivors (0K)
 Metaspace       used 41229K, committed 41600K, reserved 1089536K
  class space    used 5673K, committed 5824K, reserved 1048576K
}
Event: 7214.209 GC heap before
{Heap before GC invocations=642 (full 611):
 garbage-first heap   total 55296K, used 15444K [0x0000000080a00000, 0x0000000100000000)
  region size 1024K, 1 young (1024K), 0 survivors (0K)
 Metaspace       used 41229K, committed 41600K, reserved 1089536K
  class space    used 5673K, committed 5824K, reserved 1048576K
}
Event: 7214.235 GC heap after
{Heap after GC invocations=643 (full 612):
 garbage-first heap   total 55296K, used 15444K [0x0000000080a00000, 0x0000000100000000)
  region size 1024K, 0 young (0K), 0 survivors (0K)
 Metaspace       used 41229K, committed 41600K, reserved 1089536K
  class space    used 5673K, committed 5824K, reserved 1048576K
}
Event: 7224.407 GC heap before
{Heap before GC invocations=643 (full 612):
 garbage-first heap   total 55296K, used 15444K [0x0000000080a00000, 0x0000000100000000)
  region size 1024K, 1 young (1024K), 0 survivors (0K)
 Metaspace       used 41229K, committed 41600K, reserved 1089536K
  class space    used 5673K, committed 5824K, reserved 1048576K
}
Event: 7224.441 GC heap after
{Heap after GC invocations=644 (full 613):
 garbage-first heap   total 55296K, used 15444K [0x0000000080a00000, 0x0000000100000000)
  region size 1024K, 0 young (0K), 0 survivors (0K)
 Metaspace       used 41229K, committed 41600K, reserved 1089536K
  class space    used 5673K, committed 5824K, reserved 1048576K
}
Event: 7234.613 GC heap before
{Heap before GC invocations=644 (full 613):
 garbage-first heap   total 55296K, used 15444K [0x0000000080a00000, 0x0000000100000000)
  region size 1024K, 1 young (1024K), 0 survivors (0K)
 Metaspace       used 41229K, committed 41600K, reserved 1089536K
  class space    used 5673K, committed 5824K, reserved 1048576K
}
Event: 7234.645 GC heap after
{Heap after GC invocations=645 (full 614):
 garbage-first heap   total 55296K, used 15444K [0x0000000080a00000, 0x0000000100000000)
  region size 1024K, 0 young (0K), 0 survivors (0K)
 Metaspace       used 41229K, committed 41600K, reserved 1089536K
  class space    used 5673K, committed 5824K, reserved 1048576K
}
Event: 7244.821 GC heap before
{Heap before GC invocations=645 (full 614):
 garbage-first heap   total 55296K, used 15444K [0x0000000080a00000, 0x0000000100000000)
  region size 1024K, 1 young (1024K), 0 survivors (0K)
 Metaspace       used 41229K, committed 41600K, reserved 1089536K
  class space    used 5673K, committed 5824K, reserved 1048576K
}
Event: 7244.850 GC heap after
{Heap after GC invocations=646 (full 615):
 garbage-first heap   total 55296K, used 15444K [0x0000000080a00000, 0x0000000100000000)
  region size 1024K, 0 young (0K), 0 survivors (0K)
 Metaspace       used 41229K, committed 41600K, reserved 1089536K
  class space    used 5673K, committed 5824K, reserved 1048576K
}

